C51 COMPILER V9.53.0.0   DHT11                                                             05/31/2019 22:33:26 PAGE 1   


C51 COMPILER V9.53.0.0, COMPILATION OF MODULE DHT11
OBJECT MODULE PLACED IN DHT11.OBJ
COMPILER INVOKED BY: C:\Keil_v5\C51\BIN\C51.EXE DHT11.c OPTIMIZE(8,SPEED) BROWSE DEBUG OBJECTEXTEND TABS(2)

line level    source

   1          #include "DHT11.h"
   2          #include "LCD1602.h"
   3          
   4          uchar RH,RL,TH,TL;
   5          uchar data_byte;
   6          
   7          void DHT11_start()                    // dht11 开始信号
   8          { 
   9   1        io=1; 
  10   1        delay1(); 
  11   1        io=0; 
  12   1        delay2(25);
  13   1        io=1;   
  14   1        delay1();
  15   1        delay1(); 
  16   1        delay1(); 
  17   1      } 
  18          
  19           
  20          
  21          uchar receive_byte()            // 接收一个字节
  22          { 
  23   1        uchar i,temp; 
  24   1        for(i=0;i<8;i++) 
  25   1        { 
  26   2          while(!io);
  27   2          delay1(); 
  28   2          delay1(); 
  29   2          delay1(); 
  30   2          temp=0;
  31   2          if(io==1) 
  32   2           temp=1;  
  33   2          while(io);
  34   2          data_byte<<=1;
  35   2          data_byte|=temp;            // 接收8bit数据
  36   2        } 
  37   1      
  38   1        return data_byte; 
  39   1      } 
  40          
  41              
  42          
  43          void receive()                  // 接收数据
  44          { 
  45   1        uchar T_H,T_L,R_H,R_L,check,num_check,i; 
  46   1        DHT11_start();
  47   1        io=1;   
  48   1        if(!io) 
  49   1        {  
  50   2          while(!io);
  51   2          while(io);
  52   2          R_H=receive_byte();           // 湿度高位
  53   2          R_L=receive_byte();           // 湿度低位
  54   2          T_H=receive_byte();           // 温度高位
  55   2          T_L=receive_byte();           // 温度低位
C51 COMPILER V9.53.0.0   DHT11                                                             05/31/2019 22:33:26 PAGE 2   

  56   2          check=receive_byte();         // 校验位
  57   2          io=0; 
  58   2          for(i=0;i<7;i++)              // 延时50μm
  59   2            delay1(); 
  60   2          io=1;
  61   2          num_check=R_H+R_L+T_H+T_L; 
  62   2          if(num_check==check)          // 判断是否与校验位相同
  63   2          { 
  64   3           RH=R_H; 
  65   3           RL=R_L; 
  66   3           TH=T_H; 
  67   3           TL=T_L; 
  68   3           check=num_check; 
  69   3          } 
  70   2        } 
  71   1      } 
  72          
  73           void delay2(uchar ms)              // 延时
  74          { 
  75   1        uchar i; 
  76   1        while(ms--)                        
  77   1        for(i=0;i<100;i++); 
  78   1      } 
  79          
  80          void delay1()                   //延时8μm
  81          { 
  82   1        uchar i; 
  83   1        for(i=0;i<1;i++); 
  84   1      } 
  85          
  86          void ShowTemAndHum()
  87          {
  88   1        receive();
  89   1        write_1602com(0x80 + 0x40);
  90   1        write_1602string("R:");
  91   1        write_1602dat(RH/10+0x30); 
  92   1        write_1602dat(RH%10+0x30);
  93   1        write_1602string("%   ");
  94   1        write_1602string("T:");
  95   1        write_1602dat(TH/10+0x30); 
  96   1        write_1602dat(TH%10+0x30); 
  97   1        write_1602string("C   ");
  98   1      
  99   1      }


MODULE INFORMATION:   STATIC OVERLAYABLE
   CODE SIZE        =    277    ----
   CONSTANT SIZE    =     16    ----
   XDATA SIZE       =   ----    ----
   PDATA SIZE       =   ----    ----
   DATA SIZE        =      5       8
   IDATA SIZE       =   ----    ----
   BIT SIZE         =   ----    ----
END OF MODULE INFORMATION.


C51 COMPILATION COMPLETE.  0 WARNING(S),  0 ERROR(S)
