C51 COMPILER V9.53.0.0   LCD1602                                                           05/31/2019 22:33:26 PAGE 1   


C51 COMPILER V9.53.0.0, COMPILATION OF MODULE LCD1602
OBJECT MODULE PLACED IN LCD1602.OBJ
COMPILER INVOKED BY: C:\Keil_v5\C51\BIN\C51.EXE LCD1602.c OPTIMIZE(8,SPEED) BROWSE DEBUG OBJECTEXTEND TABS(2)

line level    source

   1          #include "LCD1602.h"
   2          
   3          //自定义字符
   4          uchar code num[]={
   5                      0x04,0x04,0x04,0x04,0x04,0x04,0x04,0x00,//1   //此处字符是方形的数字，用于和其他数字区分开，用于显示
             -星期
   6                      0x1f,0x01,0x01,0x1f,0x10,0x10,0x1f,0x00,//2
   7                      0x1f,0x01,0x01,0x1f,0x01,0x01,0x1f,0x00,//3  
   8                      0x11,0x11,0x11,0x1f,0x01,0x01,0x01,0x00,//4
   9                      0x1f,0x10,0x10,0x1f,0x01,0x01,0x1f,0x00,//5  
  10                      0x1f,0x10,0x10,0x1f,0x11,0x11,0x1f,0x00,//6
  11                      0x1f,0x01,0x01,0x01,0x01,0x01,0x01,0x00,//7   
  12          };
  13          
  14          uchar code tab1[]={"  /  /     :    "}; //14/09/10 16:34 3    
  15          uchar code tab2[]={"  0.000km 00km/h"}; //000.000km 00km/h
  16          uchar code tab3[]={"Wheel Radius  cm"}; //显示车轮半径设置界面
  17          uchar code tab4[]={"Safe Speed  km/h"}; //显示安全速度设置界面
  18          uchar code tab5[]={"Sec :           "}; //时间设置时，秒的显示界面
  19          
  20          
  21          void LCD1602_delay(uint x)    //延时函数，大约延时1ms，不精确
  22          {
  23   1        uint i,j;     //定义延时变量
  24   1        for(i=0;i<x;i++)  //执行x次
  25   1        for(j=0;j<110;j++); //执行110次
  26   1      }
  27          
  28          void write_1602com(uchar com)//****液晶写入指令函数****
  29          {
  30   1        rs=0;//数据/指令选择置为指令
  31   1        P0=com;//送入数据
  32   1        LCD1602_delay(1);
  33   1        en=1;//拉高使能端，为制造有效的下降沿做准备
  34   1        LCD1602_delay(1);
  35   1        en=0;//en由高变低，产生下降沿，液晶执行命令
  36   1      
  37   1      }
  38          
  39          
  40          void write_1602dat(uchar dat)//***液晶写入数据函数****
  41          {
  42   1        rs=1;//数据/指令选择置为数据
  43   1        P0=dat;//送入数据
  44   1        LCD1602_delay(1);
  45   1        en=1; //en置高电平，为制造下降沿做准备
  46   1        LCD1602_delay(1);
  47   1        en=0; //en由高变低，产生下降沿，液晶执行命令
  48   1      }
  49          
  50          void write_1602string(uchar *str)
  51          {
  52   1        uchar *now = str;
  53   1        while(*now){
  54   2          write_1602dat(*now);
C51 COMPILER V9.53.0.0   LCD1602                                                           05/31/2019 22:33:26 PAGE 2   

  55   2          now++;
  56   2        }
  57   1      }
  58          
  59          //自定义字符集
  60          void Lcd_ram()      
  61          { 
  62   1        uint i,j,k=0,temp=0x40; 
  63   1        for(i=0;i<7;i++)
  64   1        {
  65   2           for(j=0;j<8;j++)
  66   2           {
  67   3            write_1602com(temp+j);
  68   3            write_1602dat(num[k]);
  69   3            k++;
  70   3           }
  71   2           temp=temp+8;
  72   2        }
  73   1      }
  74          
  75          void lcd_init()//***液晶初始化函数****
  76          {
  77   1        Lcd_ram();
  78   1        write_1602com(0x38);//设置液晶工作模式，意思：16*2行显示，5*7点阵，8位数据
  79   1        write_1602com(0x0c);//开显示不显示光标
  80   1        write_1602com(0x06);//整屏不移动，光标自动右移
  81   1        write_1602com(0x01);//清显示
  82   1      
  83   1        write_1602com(0x80);//显示固定符号从第一行第1个位置之后开始显示
  84   1        write_1602string(tab1);
  85   1        write_1602com(0x80+0x40);//显示固定符号写入位置，从第2个位置后开始显示
  86   1        write_1602string(tab2);
  87   1      
  88   1      }


MODULE INFORMATION:   STATIC OVERLAYABLE
   CODE SIZE        =    244    ----
   CONSTANT SIZE    =    141    ----
   XDATA SIZE       =   ----    ----
   PDATA SIZE       =   ----    ----
   DATA SIZE        =   ----      11
   IDATA SIZE       =   ----    ----
   BIT SIZE         =   ----    ----
END OF MODULE INFORMATION.


C51 COMPILATION COMPLETE.  0 WARNING(S),  0 ERROR(S)
