C51 COMPILER V9.53.0.0   MAIN                                                              05/28/2019 14:05:30 PAGE 1   


C51 COMPILER V9.53.0.0, COMPILATION OF MODULE MAIN
OBJECT MODULE PLACED IN .\Objects\main.obj
COMPILER INVOKED BY: C:\Keil_v5\C51\BIN\C51.EXE main.c OPTIMIZE(8,SPEED) BROWSE DEBUG OBJECTEXTEND PRINT(.\Listings\main
                    -.lst) TABS(2) OBJECT(.\Objects\main.obj)

line level    source

   1          #include "cars.h"
   2          #include "GSM.h"
   3          
   4          extern uint num;
   5          
   6          void main()
   7          {
   8   1        Init_LCD1602();   // 初始化LCD1602
   9   1        GSM_init();       // 初始化GSM
  10   1        num = 0;          // 初始化车辆计数器
  11   1        
  12   1        while(1){
  13   2          showInfo();     // 显示信息
  14   2          GSM_scan();     // 扫描GSM接口 是否接收到信息
  15   2        }
  16   1      }


MODULE INFORMATION:   STATIC OVERLAYABLE
   CODE SIZE        =     19    ----
   CONSTANT SIZE    =   ----    ----
   XDATA SIZE       =   ----    ----
   PDATA SIZE       =   ----    ----
   DATA SIZE        =   ----    ----
   IDATA SIZE       =   ----    ----
   BIT SIZE         =   ----    ----
END OF MODULE INFORMATION.


C51 COMPILATION COMPLETE.  0 WARNING(S),  0 ERROR(S)
