C51 COMPILER V9.53.0.0   MAIN                                                              05/25/2019 21:28:39 PAGE 1   


C51 COMPILER V9.53.0.0, COMPILATION OF MODULE MAIN
OBJECT MODULE PLACED IN .\Objects\main.obj
COMPILER INVOKED BY: C:\Keil_v5\C51\BIN\C51.EXE main.c OPTIMIZE(8,SPEED) BROWSE DEBUG OBJECTEXTEND PRINT(.\Listings\main
                    -.lst) TABS(2) OBJECT(.\Objects\main.obj)

line level    source

   1          #include "gsm.h"
   2          
   3          sbit gas = P1^0;
   4          sbit led1 = P1^1;
   5          sbit led2 = P1^2;
   6          sbit beep = P0^0;
   7          
   8          void main()
   9          {
  10   1        Timer0Init();               // 定时器初始化
  11   1        Uart1Init();                // 串口初始化
  12   1        
  13   1        while(1){
  14   2          if(gas == 0){             // 如果检测到烟雾
  15   3            delay_ms(10);
  16   3            if(gas == 0){
  17   4              led1 = 0;             // 点亮应急灯
  18   4              led2 = 1;
  19   4              beep = 0;
  20   4              send_text_message("Attention the fire!");
  21   4              delay_ms(250);        // 5s内只触发一次
  22   4            }
  23   3          }
  24   2          led1 = 1;
  25   2          led2 = 0;
  26   2          beep = 1;
  27   2        }
  28   1      }


MODULE INFORMATION:   STATIC OVERLAYABLE
   CODE SIZE        =     49    ----
   CONSTANT SIZE    =     20    ----
   XDATA SIZE       =   ----    ----
   PDATA SIZE       =   ----    ----
   DATA SIZE        =   ----    ----
   IDATA SIZE       =   ----    ----
   BIT SIZE         =   ----    ----
END OF MODULE INFORMATION.


C51 COMPILATION COMPLETE.  0 WARNING(S),  0 ERROR(S)
