C51 COMPILER V9.53.0.0   MAIN                                                              05/15/2019 13:52:04 PAGE 1   


C51 COMPILER V9.53.0.0, COMPILATION OF MODULE MAIN
OBJECT MODULE PLACED IN .\Objects\main.obj
COMPILER INVOKED BY: C:\Keil_v5\C51\BIN\C51.EXE main.c OPTIMIZE(8,SPEED) BROWSE DEBUG OBJECTEXTEND PRINT(.\Listings\main
                    -.lst) TABS(2) OBJECT(.\Objects\main.obj)

line level    source

   1          #include <reg52.h> 
   2          #include <intrins.h>
   3          #include <stdio.h>
   4          #include "i2c.h"
   5          #include "delay.h"
   6          #include "SendMessage.h"
   7          
   8          unsigned char disFlag ;   //更新显示标志
   9          unsigned int times = 0;   //时间计数
  10          unsigned long time_20ms=0;  //定时变量
  11          float volt,current,power;  //电压 电流 功率变量
  12          
  13          unsigned char count =0;//采集计数
  14          xdata float sumVolt,midV; //用于滤波 中间变量
  15          xdata float sumAcur,midA;   //用于滤波 中间变量
  16          
  17          unsigned char dis0[16];    //液晶显示第一行
  18          unsigned char dis1[16];    //液晶显示第二行
  19          
  20          void main (void)
  21          {
  22   1        Init_RS485();           // 485初始化
  23   1        Init_Timer0();          // 定时器0初始化
  24   1        UART_Init();            // 串口初始化 
  25   1        
  26   1        relay = 0;buzzer = 0;   // 上电蜂鸣器响一声
  27   1        DelayMs(120);
  28   1        DelayMs(20);            // 延时有助于稳定
  29   1      
  30   1        buzzer = 1;             // 关闭蜂鸣器
  31   1        relay = 1;              // 闭合继电器
  32   1        sumAcur = 0;            // 清空原有数据
  33   1        sumVolt = 0;            // 清空累计
  34   1        while(1)                // 主循环
  35   1        {
  36   2          if(disFlag ==1)       // 更新显示标志 一定时间发送一次数据
  37   2          {
  38   3            disFlag = 0;
  39   3            midA=(float)ReadADC(0)*2.7*5.15/255;        //读取AD0
  40   3            if(midA < 0.08) midA = 0;
  41   3            DelayMs(2);          //延时有助于稳定
  42   3      
  43   3            midV=(float)ReadADC(1)*321*5.15/255;        //读取AD1
  44   3            DelayMs(2);          //延时有助于稳定
  45   3      
  46   3            sumAcur = sumAcur + midA; //多次测量求平均
  47   3            sumVolt = sumVolt + midV; //多次测量求平均
  48   3      
  49   3            count++;//采集次数
  50   3            if(count >= 5)
  51   3            {   
  52   4              count = 0;
  53   4              current =   sumAcur/5;  //Q求平均
  54   4              if(current < 0.08) current= 0;//滤波微小波动
C51 COMPILER V9.53.0.0   MAIN                                                              05/15/2019 13:52:04 PAGE 2   

  55   4              sumAcur = 0;  //清空原有数据
  56   4              
  57   4              volt = sumVolt/5;  //计算电压值
  58   4              if(volt < 15) volt= 0;//滤波微小波动
  59   4              sumVolt = 0;//清空累计
  60   4              power =current*  volt;  //功率计算
  61   4              
  62   4              sprintf(dis0,"v:%5.1fV a:%3.1fA ",volt,current);   //打印电压电流值
  63   4              uartSendStr(dis0, 16);                      // 485发送第一行
  64   4              
  65   4              sprintf(dis0,"P:%5.1fW  no<600 ",power);   //打印功率值
  66   4              uartSendStr(dis0, 16);                      // 485发送第二行
  67   4      
  68   4              if(power>=600)//值对比
  69   4              {
  70   5                buzzer =0;   //打开蜂鸣器
  71   5                relay = 0;   //断开继电器
  72   5              }
  73   4            }                 
  74   3          }
  75   2        }
  76   1      }
  77          


MODULE INFORMATION:   STATIC OVERLAYABLE
   CODE SIZE        =    555    ----
   CONSTANT SIZE    =     37    ----
   XDATA SIZE       =     16    ----
   PDATA SIZE       =   ----    ----
   DATA SIZE        =     52    ----
   IDATA SIZE       =   ----    ----
   BIT SIZE         =   ----    ----
END OF MODULE INFORMATION.


C51 COMPILATION COMPLETE.  0 WARNING(S),  0 ERROR(S)
