C51 COMPILER V9.53.0.0   LCD1602                                                           05/15/2019 13:56:31 PAGE 1   


C51 COMPILER V9.53.0.0, COMPILATION OF MODULE LCD1602
OBJECT MODULE PLACED IN LCD1602.OBJ
COMPILER INVOKED BY: C:\Keil_v5\C51\BIN\C51.EXE LCD1602.c OPTIMIZE(8,SPEED) BROWSE DEBUG OBJECTEXTEND TABS(2)

line level    source

   1          #include "LCD1602.h"
   2          
   3          //*********LCD1602初始化**********************
   4          void InitLcd()        
   5          {     
   6   1        WriteCommandLCM(0x38,1);  
   7   1        WriteCommandLCM(0x08,1);  
   8   1        WriteCommandLCM(0x01,1);
   9   1        WriteCommandLCM(0x06,1);  
  10   1        WriteCommandLCM(0x0c,1);
  11   1      }
  12          
  13          //**********检测忙信号************************
  14          void WaitForEnable(void)  
  15          {         
  16   1        DataPort=0xff;    
  17   1        LCM_RS=0;LCM_RW=1;_nop_();
  18   1        LCM_EN=1;_nop_();_nop_();
  19   1        while(DataPort&0x80); 
  20   1        LCM_EN=0;       
  21   1      }
  22                    
  23          //**********写命令至LCD***********************
  24          void WriteCommandLCM(uchar CMD,uchar Attribc)
  25          {         
  26   1        if(Attribc)WaitForEnable(); 
  27   1        LCM_RS=0;LCM_RW=0;_nop_();
  28   1        DataPort=CMD;_nop_(); 
  29   1        LCM_EN=1;_nop_();_nop_();LCM_EN=0;
  30   1      } 
  31                  
  32          //**********写数据至LCD************************
  33          void WriteDataLCM(uchar dataW)
  34          {         
  35   1        WaitForEnable();    
  36   1        LCM_RS=1;LCM_RW=0;_nop_();
  37   1        DataPort=dataW;_nop_(); 
  38   1        LCM_EN=1;_nop_();_nop_();LCM_EN=0;
  39   1      }
  40                    
  41          //*********写一个字符数据到指定的目标***********
  42          void DisplayOneChar(uchar X,uchar Y,uchar DData)
  43          {           
  44   1        Y&=1;           
  45   1        X&=15;            
  46   1        if(Y)X|=0x40;         
  47   1        X|=0x80;      
  48   1        WriteCommandLCM(X,0);   
  49   1        WriteDataLCM(DData);    
  50   1      }
  51          
  52          void display_1602(uchar *DData,X,Y)//显示函数  
  53          { 
  54   1        uchar ListLength=0;
  55   1        Y&=0x01;
C51 COMPILER V9.53.0.0   LCD1602                                                           05/15/2019 13:56:31 PAGE 2   

  56   1        X&=0x0f;
  57   1        while(X<16)
  58   1        {
  59   2            DisplayOneChar(X,Y,DData[ListLength]);
  60   2            ListLength++;
  61   2            X++;
  62   2        }
  63   1      }
  64          


MODULE INFORMATION:   STATIC OVERLAYABLE
   CODE SIZE        =    197    ----
   CONSTANT SIZE    =   ----    ----
   XDATA SIZE       =   ----    ----
   PDATA SIZE       =   ----    ----
   DATA SIZE        =   ----       8
   IDATA SIZE       =   ----    ----
   BIT SIZE         =   ----    ----
END OF MODULE INFORMATION.


C51 COMPILATION COMPLETE.  0 WARNING(S),  0 ERROR(S)
