C51 COMPILER V9.53.0.0   RECEIVEMESSAGE                                                    05/15/2019 13:56:31 PAGE 1   


C51 COMPILER V9.53.0.0, COMPILATION OF MODULE RECEIVEMESSAGE
OBJECT MODULE PLACED IN ReceiveMessage.OBJ
COMPILER INVOKED BY: C:\Keil_v5\C51\BIN\C51.EXE ReceiveMessage.c OPTIMIZE(8,SPEED) BROWSE DEBUG OBJECTEXTEND TABS(2)

line level    source

   1          #include "ReceiveMessage.h"
   2          
   3          unsigned char buf1[17];
   4          unsigned char buf2[17];
   5          
   6          void RS485Init()  //RS485配置
   7          {
   8   1        RE = 0;
   9   1        DE = 0;
  10   1      }
  11          
  12          void Init(void)   //串口配置
  13          {
  14   1          TMOD=0x20;    //定时器1，工作方式2              
  15   1          TH1=0xfd;   //波特率为9600
  16   1          TL1=0xfd;
  17   1          PCON=0x00;              
  18   1          TR1=1;        //定时器1开始工作 
  19   1          SCON=0x50;    //0101 0000B，工作方式1,8位UART，波特率可变，允许接收             
  20   1          RI = 0;
  21   1          TI = 0;   
  22   1      } 
  23          
  24          
  25          void receiveString1()
  26          {
  27   1        char *pt = buf1;
  28   1        int num = 0;
  29   1        memset(buf1, 0, sizeof(buf1));
  30   1        while(num < 16){
  31   2          RI = 0;
  32   2          while(RI==0)
  33   2            ;
  34   2          *pt = SBUF;
  35   2          num++;
  36   2          RI=0;
  37   2          pt++;
  38   2        }
  39   1      }
  40          
  41          void receiveString2()
  42          {
  43   1        char *pt = buf2;
  44   1        int num = 0;
  45   1        memset(buf2, 0, sizeof(buf2));
  46   1        while(num < 16){
  47   2          RI = 0;
  48   2          while(RI==0)
  49   2            ;
  50   2          *pt = SBUF;
  51   2          num++;
  52   2          RI=0;
  53   2          pt++;
  54   2        }
  55   1      }
C51 COMPILER V9.53.0.0   RECEIVEMESSAGE                                                    05/15/2019 13:56:31 PAGE 2   

  56          
  57          void show()
  58          {
  59   1        display_1602(buf1, 0, 0); // 显示第一行
  60   1        display_1602(buf2, 0, 1); // 显示第二行
  61   1      }


MODULE INFORMATION:   STATIC OVERLAYABLE
   CODE SIZE        =    219    ----
   CONSTANT SIZE    =   ----    ----
   XDATA SIZE       =   ----    ----
   PDATA SIZE       =   ----    ----
   DATA SIZE        =     34      10
   IDATA SIZE       =   ----    ----
   BIT SIZE         =   ----    ----
END OF MODULE INFORMATION.


C51 COMPILATION COMPLETE.  0 WARNING(S),  0 ERROR(S)
